<?xml version="1.0" encoding="UTF-8"?>
<testng-results skipped="0" failed="0" total="4" passed="4">
  <reporter-output>
  </reporter-output>
  <suite name="Default suite" duration-ms="248351" started-at="2019-06-27T07:59:35Z" finished-at="2019-06-27T08:03:43Z">
    <groups>
    </groups>
    <test name="Default test" duration-ms="248351" started-at="2019-06-27T07:59:35Z" finished-at="2019-06-27T08:03:43Z">
      <class name="TestCases.tests.test">
        <test-method status="PASS" signature="start()[pri:0, instance:TestCases.tests.test@59a6e353]" name="start" is-config="true" duration-ms="54044" started-at="2019-06-27T13:29:35Z" finished-at="2019-06-27T13:30:29Z">
          <reporter-output>
          </reporter-output>
        </test-method> <!-- start -->
        <test-method status="PASS" signature="testSignIn()[pri:1, instance:TestCases.tests.test@59a6e353]" name="testSignIn" duration-ms="11276" started-at="2019-06-27T13:30:29Z" finished-at="2019-06-27T13:30:40Z">
          <reporter-output>
          </reporter-output>
        </test-method> <!-- testSignIn -->
        <test-method status="PASS" signature="testAddItemToCart()[pri:2, instance:TestCases.tests.test@59a6e353]" name="testAddItemToCart" duration-ms="120412" started-at="2019-06-27T13:30:40Z" finished-at="2019-06-27T13:32:41Z">
          <reporter-output>
          </reporter-output>
        </test-method> <!-- testAddItemToCart -->
        <test-method status="PASS" signature="testDeleteItemFromCart()[pri:3, instance:TestCases.tests.test@59a6e353]" name="testDeleteItemFromCart" duration-ms="22101" started-at="2019-06-27T13:32:41Z" finished-at="2019-06-27T13:33:03Z">
          <reporter-output>
          </reporter-output>
        </test-method> <!-- testDeleteItemFromCart -->
        <test-method status="PASS" signature="LogOut()[pri:4, instance:TestCases.tests.test@59a6e353]" name="LogOut" duration-ms="31389" started-at="2019-06-27T13:33:03Z" finished-at="2019-06-27T13:33:34Z">
          <reporter-output>
          </reporter-output>
        </test-method> <!-- LogOut -->
        <test-method status="PASS" signature="close()[pri:0, instance:TestCases.tests.test@59a6e353]" name="close" is-config="true" duration-ms="9116" started-at="2019-06-27T13:33:34Z" finished-at="2019-06-27T13:33:43Z">
          <reporter-output>
          </reporter-output>
        </test-method> <!-- close -->
      </class> <!-- TestCases.tests.test -->
    </test> <!-- Default test -->
  </suite> <!-- Default suite -->
</testng-results>
